#! /usr/bin/vvp
:ivl_version "12.0 (stable)";
:ivl_delay_selection "TYPICAL";
:vpi_time_precision + 0;
:vpi_module "/usr/lib/x86_64-linux-gnu/ivl/system.vpi";
:vpi_module "/usr/lib/x86_64-linux-gnu/ivl/vhdl_sys.vpi";
:vpi_module "/usr/lib/x86_64-linux-gnu/ivl/vhdl_textio.vpi";
:vpi_module "/usr/lib/x86_64-linux-gnu/ivl/v2005_math.vpi";
:vpi_module "/usr/lib/x86_64-linux-gnu/ivl/va_math.vpi";
:vpi_module "/usr/lib/x86_64-linux-gnu/ivl/v2009.vpi";
S_0x5fcd25d83250 .scope package, "$unit" "$unit" 2 1;
 .timescale 0 0;
S_0x5fcd25dc37a0 .scope module, "tb" "tb" 3 13;
 .timescale 0 0;
v0x5fcd25deb450_0 .var "clk", 0 0;
v0x5fcd25deb4f0_0 .var/2u "cycle", 31 0;
v0x5fcd25deb5d0_0 .net "imAddr", 31 0, L_0x5fcd25dfc2a0;  1 drivers
v0x5fcd25deb6f0_0 .net "imData", 31 0, L_0x5fcd25dc9090;  1 drivers
v0x5fcd25deb800_0 .var "prevImAddr", 31 0;
v0x5fcd25deb930_0 .var "prevRegData", 31 0;
v0x5fcd25deba10_0 .var "regAddr", 4 0;
v0x5fcd25debb20_0 .net "regData", 31 0, L_0x5fcd25dfe280;  1 drivers
v0x5fcd25debbe0_0 .var "rst", 0 0;
v0x5fcd25debc80_0 .var/2u "wasRst", 0 0;
E_0x5fcd25d4fbc0 .event negedge, v0x5fcd25de5890_0;
S_0x5fcd25dc0000 .scope module, "cpu" "sr_cpu" 3 24, 4 15 0, S_0x5fcd25dc37a0;
 .timescale 0 0;
    .port_info 0 /INPUT 1 "clk";
    .port_info 1 /INPUT 1 "rst";
    .port_info 2 /OUTPUT 32 "imAddr";
    .port_info 3 /INPUT 32 "imData";
    .port_info 4 /INPUT 5 "regAddr";
    .port_info 5 /OUTPUT 32 "regData";
L_0x5fcd25dc55a0 .functor BUFZ 32, L_0x5fcd25dc9090, C4<00000000000000000000000000000000>, C4<00000000000000000000000000000000>, C4<00000000000000000000000000000000>;
v0x5fcd25de8c00_0 .net *"_ivl_10", 29 0, L_0x5fcd25dfc140;  1 drivers
L_0x708d62ece060 .functor BUFT 1, C4<00>, C4<0>, C4<0>, C4<0>;
v0x5fcd25de8d00_0 .net *"_ivl_12", 1 0, L_0x708d62ece060;  1 drivers
L_0x708d62ece018 .functor BUFT 1, C4<00000000000000000000000000000100>, C4<0>, C4<0>, C4<0>;
v0x5fcd25de8de0_0 .net/2u *"_ivl_2", 31 0, L_0x708d62ece018;  1 drivers
L_0x708d62ece450 .functor BUFT 1, C4<00000>, C4<0>, C4<0>, C4<0>;
v0x5fcd25de8ed0_0 .net/2u *"_ivl_20", 4 0, L_0x708d62ece450;  1 drivers
v0x5fcd25de8fb0_0 .net *"_ivl_22", 0 0, L_0x5fcd25dfe140;  1 drivers
v0x5fcd25de9070_0 .net "aluControl", 2 0, v0x5fcd25de8280_0;  1 drivers
v0x5fcd25de9180_0 .net "aluResult", 31 0, v0x5fcd25dc9f90_0;  1 drivers
v0x5fcd25de9240_0 .net "aluSrc", 0 0, v0x5fcd25de8340_0;  1 drivers
v0x5fcd25de92e0_0 .net "aluZero", 0 0, L_0x5fcd25dfdde0;  1 drivers
v0x5fcd25de9410_0 .net "clk", 0 0, v0x5fcd25deb450_0;  1 drivers
v0x5fcd25de9500_0 .net "cmdF3", 2 0, L_0x5fcd25dfc5d0;  1 drivers
v0x5fcd25de95f0_0 .net "cmdF7", 6 0, L_0x5fcd25dfc7b0;  1 drivers
v0x5fcd25de96e0_0 .net "cmdOp", 6 0, L_0x5fcd25dfc3e0;  1 drivers
v0x5fcd25de97f0_0 .net "imAddr", 31 0, L_0x5fcd25dfc2a0;  alias, 1 drivers
v0x5fcd25de98d0_0 .net "imData", 31 0, L_0x5fcd25dc9090;  alias, 1 drivers
v0x5fcd25de99b0_0 .net "immB", 31 0, v0x5fcd25de4c70_0;  1 drivers
v0x5fcd25de9a70_0 .net "immI", 31 0, v0x5fcd25de4d50_0;  1 drivers
v0x5fcd25de9b10_0 .net "immU", 31 0, v0x5fcd25de4e80_0;  1 drivers
v0x5fcd25de9bb0_0 .net "instr", 31 0, L_0x5fcd25dc55a0;  1 drivers
v0x5fcd25de9c50_0 .net "pc", 31 0, v0x5fcd25de57d0_0;  1 drivers
v0x5fcd25de9cf0_0 .net "pcBranch", 31 0, L_0x5fcd25debd20;  1 drivers
v0x5fcd25de9db0_0 .net "pcNext", 31 0, L_0x5fcd25dfbf60;  1 drivers
v0x5fcd25de9ea0_0 .net "pcPlus4", 31 0, L_0x5fcd25dfbe70;  1 drivers
v0x5fcd25de9f60_0 .net "pcSrc", 0 0, L_0x5fcd25dc5df0;  1 drivers
v0x5fcd25dea030_0 .net "rd", 4 0, L_0x5fcd25dfc4a0;  1 drivers
v0x5fcd25dea120_0 .net "rd0", 31 0, L_0x5fcd25dfcc50;  1 drivers
v0x5fcd25dea1e0_0 .net "rd1", 31 0, L_0x5fcd25dfd3a0;  1 drivers
v0x5fcd25dea2d0_0 .net "rd2", 31 0, L_0x5fcd25dfda30;  1 drivers
v0x5fcd25dea390_0 .net "regAddr", 4 0, v0x5fcd25deba10_0;  1 drivers
v0x5fcd25dea460_0 .net "regData", 31 0, L_0x5fcd25dfe280;  alias, 1 drivers
v0x5fcd25dea520_0 .net "regWrite", 0 0, v0x5fcd25de8970_0;  1 drivers
v0x5fcd25dea610_0 .net "rs1", 4 0, L_0x5fcd25dfc670;  1 drivers
v0x5fcd25dea720_0 .net "rs2", 4 0, L_0x5fcd25dfc710;  1 drivers
v0x5fcd25deaa40_0 .net "rst", 0 0, v0x5fcd25debbe0_0;  1 drivers
v0x5fcd25deaae0_0 .net "srcB", 31 0, L_0x5fcd25dfdc10;  1 drivers
v0x5fcd25deab80_0 .net "wd3", 31 0, L_0x5fcd25dfdf20;  1 drivers
v0x5fcd25deac20_0 .net "wdSrc", 0 0, v0x5fcd25de8a40_0;  1 drivers
L_0x5fcd25debd20 .arith/sum 32, v0x5fcd25de57d0_0, v0x5fcd25de4c70_0;
L_0x5fcd25dfbe70 .arith/sum 32, v0x5fcd25de57d0_0, L_0x708d62ece018;
L_0x5fcd25dfbf60 .functor MUXZ 32, L_0x5fcd25dfbe70, L_0x5fcd25debd20, L_0x5fcd25dc5df0, C4<>;
L_0x5fcd25dfc140 .part v0x5fcd25de57d0_0, 2, 30;
L_0x5fcd25dfc2a0 .concat [ 30 2 0 0], L_0x5fcd25dfc140, L_0x708d62ece060;
L_0x5fcd25dfdc10 .functor MUXZ 32, L_0x5fcd25dfda30, v0x5fcd25de4d50_0, v0x5fcd25de8340_0, C4<>;
L_0x5fcd25dfdf20 .functor MUXZ 32, v0x5fcd25dc9f90_0, v0x5fcd25de4e80_0, v0x5fcd25de8a40_0, C4<>;
L_0x5fcd25dfe140 .cmp/ne 5, v0x5fcd25deba10_0, L_0x708d62ece450;
L_0x5fcd25dfe280 .functor MUXZ 32, v0x5fcd25de57d0_0, L_0x5fcd25dfcc50, L_0x5fcd25dfe140, C4<>;
S_0x5fcd25dbcc50 .scope module, "alu" "sr_alu" 4 103, 5 11 0, S_0x5fcd25dc0000;
 .timescale 0 0;
    .port_info 0 /INPUT 32 "srcA";
    .port_info 1 /INPUT 32 "srcB";
    .port_info 2 /INPUT 3 "oper";
    .port_info 3 /OUTPUT 1 "zero";
    .port_info 4 /OUTPUT 32 "result";
L_0x708d62ece408 .functor BUFT 1, C4<00000000000000000000000000000000>, C4<0>, C4<0>, C4<0>;
v0x5fcd25dc5740_0 .net/2u *"_ivl_0", 31 0, L_0x708d62ece408;  1 drivers
v0x5fcd25dc5f50_0 .net "oper", 2 0, v0x5fcd25de8280_0;  alias, 1 drivers
v0x5fcd25dc9f90_0 .var "result", 31 0;
v0x5fcd25dbd470_0 .net "srcA", 31 0, L_0x5fcd25dfd3a0;  alias, 1 drivers
v0x5fcd25de43d0_0 .net "srcB", 31 0, L_0x5fcd25dfdc10;  alias, 1 drivers
v0x5fcd25de4500_0 .net "zero", 0 0, L_0x5fcd25dfdde0;  alias, 1 drivers
E_0x5fcd25d88d10 .event anyedge, v0x5fcd25dc5f50_0, v0x5fcd25dbd470_0, v0x5fcd25de43d0_0, v0x5fcd25de43d0_0;
L_0x5fcd25dfdde0 .cmp/eq 32, v0x5fcd25dc9f90_0, L_0x708d62ece408;
S_0x5fcd25de4660 .scope module, "id" "sr_decode" 4 63, 6 15 0, S_0x5fcd25dc0000;
 .timescale 0 0;
    .port_info 0 /INPUT 32 "instr";
    .port_info 1 /OUTPUT 7 "cmdOp";
    .port_info 2 /OUTPUT 5 "rd";
    .port_info 3 /OUTPUT 3 "cmdF3";
    .port_info 4 /OUTPUT 5 "rs1";
    .port_info 5 /OUTPUT 5 "rs2";
    .port_info 6 /OUTPUT 7 "cmdF7";
    .port_info 7 /OUTPUT 32 "immI";
    .port_info 8 /OUTPUT 32 "immB";
    .port_info 9 /OUTPUT 32 "immU";
v0x5fcd25de49d0_0 .net "cmdF3", 2 0, L_0x5fcd25dfc5d0;  alias, 1 drivers
v0x5fcd25de4ad0_0 .net "cmdF7", 6 0, L_0x5fcd25dfc7b0;  alias, 1 drivers
v0x5fcd25de4bb0_0 .net "cmdOp", 6 0, L_0x5fcd25dfc3e0;  alias, 1 drivers
v0x5fcd25de4c70_0 .var "immB", 31 0;
v0x5fcd25de4d50_0 .var "immI", 31 0;
v0x5fcd25de4e80_0 .var "immU", 31 0;
v0x5fcd25de4f60_0 .net "instr", 31 0, L_0x5fcd25dc55a0;  alias, 1 drivers
v0x5fcd25de5040_0 .net "rd", 4 0, L_0x5fcd25dfc4a0;  alias, 1 drivers
v0x5fcd25de5120_0 .net "rs1", 4 0, L_0x5fcd25dfc670;  alias, 1 drivers
v0x5fcd25de5200_0 .net "rs2", 4 0, L_0x5fcd25dfc710;  alias, 1 drivers
E_0x5fcd25d738e0 .event anyedge, v0x5fcd25de4f60_0;
E_0x5fcd25dc94c0 .event anyedge, v0x5fcd25de4f60_0, v0x5fcd25de4f60_0, v0x5fcd25de4f60_0, v0x5fcd25de4f60_0;
E_0x5fcd25dc91b0 .event anyedge, v0x5fcd25de4f60_0, v0x5fcd25de4f60_0;
L_0x5fcd25dfc3e0 .part L_0x5fcd25dc55a0, 0, 7;
L_0x5fcd25dfc4a0 .part L_0x5fcd25dc55a0, 7, 5;
L_0x5fcd25dfc5d0 .part L_0x5fcd25dc55a0, 12, 3;
L_0x5fcd25dfc670 .part L_0x5fcd25dc55a0, 15, 5;
L_0x5fcd25dfc710 .part L_0x5fcd25dc55a0, 20, 5;
L_0x5fcd25dfc7b0 .part L_0x5fcd25dc55a0, 25, 7;
S_0x5fcd25de5420 .scope module, "r_pc" "register_with_rst" 4 54, 7 13 0, S_0x5fcd25dc0000;
 .timescale 0 0;
    .port_info 0 /INPUT 1 "clk";
    .port_info 1 /INPUT 1 "rst";
    .port_info 2 /INPUT 32 "d";
    .port_info 3 /OUTPUT 32 "q";
v0x5fcd25de5610_0 .net "clk", 0 0, v0x5fcd25deb450_0;  alias, 1 drivers
v0x5fcd25de56f0_0 .net "d", 31 0, L_0x5fcd25dfbf60;  alias, 1 drivers
v0x5fcd25de57d0_0 .var "q", 31 0;
v0x5fcd25de5890_0 .net "rst", 0 0, v0x5fcd25debbe0_0;  alias, 1 drivers
E_0x5fcd25de55b0 .event posedge, v0x5fcd25de5610_0;
S_0x5fcd25de59d0 .scope module, "rf" "sr_register_file" 4 84, 8 15 0, S_0x5fcd25dc0000;
 .timescale 0 0;
    .port_info 0 /INPUT 1 "clk";
    .port_info 1 /INPUT 5 "a0";
    .port_info 2 /INPUT 5 "a1";
    .port_info 3 /INPUT 5 "a2";
    .port_info 4 /INPUT 5 "a3";
    .port_info 5 /OUTPUT 32 "rd0";
    .port_info 6 /OUTPUT 32 "rd1";
    .port_info 7 /OUTPUT 32 "rd2";
    .port_info 8 /INPUT 32 "wd3";
    .port_info 9 /INPUT 1 "we3";
v0x5fcd25de5cb0_0 .net *"_ivl_0", 31 0, L_0x5fcd25dfc890;  1 drivers
v0x5fcd25de5db0_0 .net *"_ivl_10", 6 0, L_0x5fcd25dfcb10;  1 drivers
L_0x708d62ece138 .functor BUFT 1, C4<00>, C4<0>, C4<0>, C4<0>;
v0x5fcd25de5e90_0 .net *"_ivl_13", 1 0, L_0x708d62ece138;  1 drivers
L_0x708d62ece180 .functor BUFT 1, C4<00000000000000000000000000000000>, C4<0>, C4<0>, C4<0>;
v0x5fcd25de5f50_0 .net/2u *"_ivl_14", 31 0, L_0x708d62ece180;  1 drivers
v0x5fcd25de6030_0 .net *"_ivl_18", 31 0, L_0x5fcd25dfce30;  1 drivers
L_0x708d62ece1c8 .functor BUFT 1, C4<000000000000000000000000000>, C4<0>, C4<0>, C4<0>;
v0x5fcd25de6160_0 .net *"_ivl_21", 26 0, L_0x708d62ece1c8;  1 drivers
L_0x708d62ece210 .functor BUFT 1, C4<00000000000000000000000000000000>, C4<0>, C4<0>, C4<0>;
v0x5fcd25de6240_0 .net/2u *"_ivl_22", 31 0, L_0x708d62ece210;  1 drivers
v0x5fcd25de6320_0 .net *"_ivl_24", 0 0, L_0x5fcd25dfcfa0;  1 drivers
v0x5fcd25de63e0_0 .net *"_ivl_26", 31 0, L_0x5fcd25dfd0e0;  1 drivers
v0x5fcd25de6550_0 .net *"_ivl_28", 6 0, L_0x5fcd25dfd1d0;  1 drivers
L_0x708d62ece0a8 .functor BUFT 1, C4<000000000000000000000000000>, C4<0>, C4<0>, C4<0>;
v0x5fcd25de6630_0 .net *"_ivl_3", 26 0, L_0x708d62ece0a8;  1 drivers
L_0x708d62ece258 .functor BUFT 1, C4<00>, C4<0>, C4<0>, C4<0>;
v0x5fcd25de6710_0 .net *"_ivl_31", 1 0, L_0x708d62ece258;  1 drivers
L_0x708d62ece2a0 .functor BUFT 1, C4<00000000000000000000000000000000>, C4<0>, C4<0>, C4<0>;
v0x5fcd25de67f0_0 .net/2u *"_ivl_32", 31 0, L_0x708d62ece2a0;  1 drivers
v0x5fcd25de68d0_0 .net *"_ivl_36", 31 0, L_0x5fcd25dfd4f0;  1 drivers
L_0x708d62ece2e8 .functor BUFT 1, C4<000000000000000000000000000>, C4<0>, C4<0>, C4<0>;
v0x5fcd25de69b0_0 .net *"_ivl_39", 26 0, L_0x708d62ece2e8;  1 drivers
L_0x708d62ece0f0 .functor BUFT 1, C4<00000000000000000000000000000000>, C4<0>, C4<0>, C4<0>;
v0x5fcd25de6a90_0 .net/2u *"_ivl_4", 31 0, L_0x708d62ece0f0;  1 drivers
L_0x708d62ece330 .functor BUFT 1, C4<00000000000000000000000000000000>, C4<0>, C4<0>, C4<0>;
v0x5fcd25de6b70_0 .net/2u *"_ivl_40", 31 0, L_0x708d62ece330;  1 drivers
v0x5fcd25de6c50_0 .net *"_ivl_42", 0 0, L_0x5fcd25dfd620;  1 drivers
v0x5fcd25de6d10_0 .net *"_ivl_44", 31 0, L_0x5fcd25dfd7d0;  1 drivers
v0x5fcd25de6df0_0 .net *"_ivl_46", 6 0, L_0x5fcd25dfd870;  1 drivers
L_0x708d62ece378 .functor BUFT 1, C4<00>, C4<0>, C4<0>, C4<0>;
v0x5fcd25de6ed0_0 .net *"_ivl_49", 1 0, L_0x708d62ece378;  1 drivers
L_0x708d62ece3c0 .functor BUFT 1, C4<00000000000000000000000000000000>, C4<0>, C4<0>, C4<0>;
v0x5fcd25de6fb0_0 .net/2u *"_ivl_50", 31 0, L_0x708d62ece3c0;  1 drivers
v0x5fcd25de7090_0 .net *"_ivl_6", 0 0, L_0x5fcd25dfc930;  1 drivers
v0x5fcd25de7150_0 .net *"_ivl_8", 31 0, L_0x5fcd25dfca70;  1 drivers
v0x5fcd25de7230_0 .net "a0", 4 0, v0x5fcd25deba10_0;  alias, 1 drivers
v0x5fcd25de7310_0 .net "a1", 4 0, L_0x5fcd25dfc670;  alias, 1 drivers
v0x5fcd25de73d0_0 .net "a2", 4 0, L_0x5fcd25dfc710;  alias, 1 drivers
v0x5fcd25de7470_0 .net "a3", 4 0, L_0x5fcd25dfc4a0;  alias, 1 drivers
v0x5fcd25de7510_0 .net "clk", 0 0, v0x5fcd25deb450_0;  alias, 1 drivers
v0x5fcd25de75b0_0 .net "rd0", 31 0, L_0x5fcd25dfcc50;  alias, 1 drivers
v0x5fcd25de7650_0 .net "rd1", 31 0, L_0x5fcd25dfd3a0;  alias, 1 drivers
v0x5fcd25de7740_0 .net "rd2", 31 0, L_0x5fcd25dfda30;  alias, 1 drivers
v0x5fcd25de7800 .array "rf", 31 0, 31 0;
v0x5fcd25de7ad0_0 .net "wd3", 31 0, L_0x5fcd25dfdf20;  alias, 1 drivers
v0x5fcd25de7bb0_0 .net "we3", 0 0, v0x5fcd25de8970_0;  alias, 1 drivers
L_0x5fcd25dfc890 .concat [ 5 27 0 0], v0x5fcd25deba10_0, L_0x708d62ece0a8;
L_0x5fcd25dfc930 .cmp/ne 32, L_0x5fcd25dfc890, L_0x708d62ece0f0;
L_0x5fcd25dfca70 .array/port v0x5fcd25de7800, L_0x5fcd25dfcb10;
L_0x5fcd25dfcb10 .concat [ 5 2 0 0], v0x5fcd25deba10_0, L_0x708d62ece138;
L_0x5fcd25dfcc50 .functor MUXZ 32, L_0x708d62ece180, L_0x5fcd25dfca70, L_0x5fcd25dfc930, C4<>;
L_0x5fcd25dfce30 .concat [ 5 27 0 0], L_0x5fcd25dfc670, L_0x708d62ece1c8;
L_0x5fcd25dfcfa0 .cmp/ne 32, L_0x5fcd25dfce30, L_0x708d62ece210;
L_0x5fcd25dfd0e0 .array/port v0x5fcd25de7800, L_0x5fcd25dfd1d0;
L_0x5fcd25dfd1d0 .concat [ 5 2 0 0], L_0x5fcd25dfc670, L_0x708d62ece258;
L_0x5fcd25dfd3a0 .functor MUXZ 32, L_0x708d62ece2a0, L_0x5fcd25dfd0e0, L_0x5fcd25dfcfa0, C4<>;
L_0x5fcd25dfd4f0 .concat [ 5 27 0 0], L_0x5fcd25dfc710, L_0x708d62ece2e8;
L_0x5fcd25dfd620 .cmp/ne 32, L_0x5fcd25dfd4f0, L_0x708d62ece330;
L_0x5fcd25dfd7d0 .array/port v0x5fcd25de7800, L_0x5fcd25dfd870;
L_0x5fcd25dfd870 .concat [ 5 2 0 0], L_0x5fcd25dfc710, L_0x708d62ece378;
L_0x5fcd25dfda30 .functor MUXZ 32, L_0x708d62ece3c0, L_0x5fcd25dfd7d0, L_0x5fcd25dfd620, C4<>;
S_0x5fcd25de7e10 .scope module, "sm_control" "sr_control" 4 116, 9 15 0, S_0x5fcd25dc0000;
 .timescale 0 0;
    .port_info 0 /INPUT 7 "cmdOp";
    .port_info 1 /INPUT 3 "cmdF3";
    .port_info 2 /INPUT 7 "cmdF7";
    .port_info 3 /INPUT 1 "aluZero";
    .port_info 4 /OUTPUT 1 "pcSrc";
    .port_info 5 /OUTPUT 1 "regWrite";
    .port_info 6 /OUTPUT 1 "aluSrc";
    .port_info 7 /OUTPUT 1 "wdSrc";
    .port_info 8 /OUTPUT 3 "aluControl";
L_0x5fcd25dfd760 .functor XNOR 1, L_0x5fcd25dfdde0, v0x5fcd25de8810_0, C4<0>, C4<0>;
L_0x5fcd25dc5df0 .functor AND 1, v0x5fcd25de84e0_0, L_0x5fcd25dfd760, C4<1>, C4<1>;
v0x5fcd25de81a0_0 .net *"_ivl_0", 0 0, L_0x5fcd25dfd760;  1 drivers
v0x5fcd25de8280_0 .var "aluControl", 2 0;
v0x5fcd25de8340_0 .var "aluSrc", 0 0;
v0x5fcd25de8410_0 .net "aluZero", 0 0, L_0x5fcd25dfdde0;  alias, 1 drivers
v0x5fcd25de84e0_0 .var "branch", 0 0;
v0x5fcd25de85d0_0 .net "cmdF3", 2 0, L_0x5fcd25dfc5d0;  alias, 1 drivers
v0x5fcd25de8670_0 .net "cmdF7", 6 0, L_0x5fcd25dfc7b0;  alias, 1 drivers
v0x5fcd25de8740_0 .net "cmdOp", 6 0, L_0x5fcd25dfc3e0;  alias, 1 drivers
v0x5fcd25de8810_0 .var "condZero", 0 0;
v0x5fcd25de88b0_0 .net "pcSrc", 0 0, L_0x5fcd25dc5df0;  alias, 1 drivers
v0x5fcd25de8970_0 .var "regWrite", 0 0;
v0x5fcd25de8a40_0 .var "wdSrc", 0 0;
E_0x5fcd25de8120 .event anyedge, v0x5fcd25de4ad0_0, v0x5fcd25de49d0_0, v0x5fcd25de4bb0_0;
S_0x5fcd25deadb0 .scope module, "rom" "instruction_rom" 3 36, 10 13 0, S_0x5fcd25dc37a0;
 .timescale 0 0;
    .port_info 0 /INPUT 32 "a";
    .port_info 1 /OUTPUT 32 "rd";
P_0x5fcd25deafb0 .param/l "SIZE" 0 10 15, +C4<00000000000000000000010000000000>;
L_0x5fcd25dc9090 .functor BUFZ 32, L_0x5fcd25dfe3c0, C4<00000000000000000000000000000000>, C4<00000000000000000000000000000000>, C4<00000000000000000000000000000000>;
v0x5fcd25deb080_0 .net *"_ivl_0", 31 0, L_0x5fcd25dfe3c0;  1 drivers
v0x5fcd25deb180_0 .net "a", 31 0, L_0x5fcd25dfc2a0;  alias, 1 drivers
v0x5fcd25deb270_0 .net "rd", 31 0, L_0x5fcd25dc9090;  alias, 1 drivers
v0x5fcd25deb370 .array "rom", 1023 0, 31 0;
L_0x5fcd25dfe3c0 .array/port v0x5fcd25deb370, L_0x5fcd25dfc2a0;
    .scope S_0x5fcd25de5420;
T_0 ;
    %wait E_0x5fcd25de55b0;
    %load/vec4 v0x5fcd25de5890_0;
    %flag_set/vec4 8;
    %jmp/0xz  T_0.0, 8;
    %pushi/vec4 0, 0, 32;
    %assign/vec4 v0x5fcd25de57d0_0, 0;
    %jmp T_0.1;
T_0.0 ;
    %load/vec4 v0x5fcd25de56f0_0;
    %assign/vec4 v0x5fcd25de57d0_0, 0;
T_0.1 ;
    %jmp T_0;
    .thread T_0;
    .scope S_0x5fcd25de4660;
T_1 ;
Ewait_0 .event/or E_0x5fcd25dc91b0, E_0x0;
    %wait Ewait_0;
    %load/vec4 v0x5fcd25de4f60_0;
    %parti/s 11, 20, 6;
    %ix/load 4, 0, 0;
    %flag_set/imm 4, 0;
    %store/vec4 v0x5fcd25de4d50_0, 4, 11;
    %load/vec4 v0x5fcd25de4f60_0;
    %parti/s 1, 31, 6;
    %replicate 21;
    %ix/load 4, 11, 0;
    %flag_set/imm 4, 0;
    %store/vec4 v0x5fcd25de4d50_0, 4, 21;
    %jmp T_1;
    .thread T_1, $push;
    .scope S_0x5fcd25de4660;
T_2 ;
Ewait_1 .event/or E_0x5fcd25dc94c0, E_0x0;
    %wait Ewait_1;
    %pushi/vec4 0, 0, 1;
    %ix/load 4, 0, 0;
    %flag_set/imm 4, 0;
    %store/vec4 v0x5fcd25de4c70_0, 4, 1;
    %load/vec4 v0x5fcd25de4f60_0;
    %parti/s 4, 8, 5;
    %ix/load 4, 1, 0;
    %flag_set/imm 4, 0;
    %store/vec4 v0x5fcd25de4c70_0, 4, 4;
    %load/vec4 v0x5fcd25de4f60_0;
    %parti/s 6, 25, 6;
    %ix/load 4, 5, 0;
    %flag_set/imm 4, 0;
    %store/vec4 v0x5fcd25de4c70_0, 4, 6;
    %load/vec4 v0x5fcd25de4f60_0;
    %parti/s 1, 7, 4;
    %ix/load 4, 11, 0;
    %flag_set/imm 4, 0;
    %store/vec4 v0x5fcd25de4c70_0, 4, 1;
    %load/vec4 v0x5fcd25de4f60_0;
    %parti/s 1, 31, 6;
    %replicate 20;
    %ix/load 4, 12, 0;
    %flag_set/imm 4, 0;
    %store/vec4 v0x5fcd25de4c70_0, 4, 20;
    %jmp T_2;
    .thread T_2, $push;
    .scope S_0x5fcd25de4660;
T_3 ;
Ewait_2 .event/or E_0x5fcd25d738e0, E_0x0;
    %wait Ewait_2;
    %pushi/vec4 0, 0, 12;
    %ix/load 4, 0, 0;
    %flag_set/imm 4, 0;
    %store/vec4 v0x5fcd25de4e80_0, 4, 12;
    %load/vec4 v0x5fcd25de4f60_0;
    %parti/s 20, 12, 5;
    %ix/load 4, 12, 0;
    %flag_set/imm 4, 0;
    %store/vec4 v0x5fcd25de4e80_0, 4, 20;
    %jmp T_3;
    .thread T_3, $push;
    .scope S_0x5fcd25de59d0;
T_4 ;
    %wait E_0x5fcd25de55b0;
    %load/vec4 v0x5fcd25de7bb0_0;
    %flag_set/vec4 8;
    %jmp/0xz  T_4.0, 8;
    %load/vec4 v0x5fcd25de7ad0_0;
    %load/vec4 v0x5fcd25de7470_0;
    %pad/u 7;
    %ix/vec4 3;
    %ix/load 4, 0, 0; Constant delay
    %assign/vec4/a/d v0x5fcd25de7800, 0, 4;
T_4.0 ;
    %jmp T_4;
    .thread T_4;
    .scope S_0x5fcd25dbcc50;
T_5 ;
Ewait_3 .event/or E_0x5fcd25d88d10, E_0x0;
    %wait Ewait_3;
    %load/vec4 v0x5fcd25dc5f50_0;
    %dup/vec4;
    %pushi/vec4 0, 0, 3;
    %cmp/u;
    %jmp/1 T_5.1, 6;
    %dup/vec4;
    %pushi/vec4 1, 0, 3;
    %cmp/u;
    %jmp/1 T_5.2, 6;
    %dup/vec4;
    %pushi/vec4 2, 0, 3;
    %cmp/u;
    %jmp/1 T_5.3, 6;
    %dup/vec4;
    %pushi/vec4 3, 0, 3;
    %cmp/u;
    %jmp/1 T_5.4, 6;
    %dup/vec4;
    %pushi/vec4 4, 0, 3;
    %cmp/u;
    %jmp/1 T_5.5, 6;
    %load/vec4 v0x5fcd25dbd470_0;
    %load/vec4 v0x5fcd25de43d0_0;
    %add;
    %store/vec4 v0x5fcd25dc9f90_0, 0, 32;
    %jmp T_5.6;
T_5.1 ;
    %load/vec4 v0x5fcd25dbd470_0;
    %load/vec4 v0x5fcd25de43d0_0;
    %add;
    %store/vec4 v0x5fcd25dc9f90_0, 0, 32;
    %jmp T_5.6;
T_5.2 ;
    %load/vec4 v0x5fcd25dbd470_0;
    %load/vec4 v0x5fcd25de43d0_0;
    %or;
    %store/vec4 v0x5fcd25dc9f90_0, 0, 32;
    %jmp T_5.6;
T_5.3 ;
    %load/vec4 v0x5fcd25dbd470_0;
    %load/vec4 v0x5fcd25de43d0_0;
    %parti/s 5, 0, 2;
    %ix/vec4 4;
    %shiftr 4;
    %store/vec4 v0x5fcd25dc9f90_0, 0, 32;
    %jmp T_5.6;
T_5.4 ;
    %load/vec4 v0x5fcd25dbd470_0;
    %load/vec4 v0x5fcd25de43d0_0;
    %cmp/u;
    %flag_mov 8, 5;
    %jmp/0 T_5.7, 8;
    %pushi/vec4 1, 0, 32;
    %jmp/1 T_5.8, 8;
T_5.7 ; End of true expr.
    %pushi/vec4 0, 0, 32;
    %jmp/0 T_5.8, 8;
 ; End of false expr.
    %blend;
T_5.8;
    %store/vec4 v0x5fcd25dc9f90_0, 0, 32;
    %jmp T_5.6;
T_5.5 ;
    %load/vec4 v0x5fcd25dbd470_0;
    %load/vec4 v0x5fcd25de43d0_0;
    %sub;
    %store/vec4 v0x5fcd25dc9f90_0, 0, 32;
    %jmp T_5.6;
T_5.6 ;
    %pop/vec4 1;
    %jmp T_5;
    .thread T_5, $push;
    .scope S_0x5fcd25de7e10;
T_6 ;
Ewait_4 .event/or E_0x5fcd25de8120, E_0x0;
    %wait Ewait_4;
    %pushi/vec4 0, 0, 1;
    %store/vec4 v0x5fcd25de84e0_0, 0, 1;
    %pushi/vec4 0, 0, 1;
    %store/vec4 v0x5fcd25de8810_0, 0, 1;
    %pushi/vec4 0, 0, 1;
    %store/vec4 v0x5fcd25de8970_0, 0, 1;
    %pushi/vec4 0, 0, 1;
    %store/vec4 v0x5fcd25de8340_0, 0, 1;
    %pushi/vec4 0, 0, 1;
    %store/vec4 v0x5fcd25de8a40_0, 0, 1;
    %pushi/vec4 0, 0, 3;
    %store/vec4 v0x5fcd25de8280_0, 0, 3;
    %load/vec4 v0x5fcd25de8670_0;
    %load/vec4 v0x5fcd25de85d0_0;
    %concat/vec4; draw_concat_vec4
    %load/vec4 v0x5fcd25de8740_0;
    %concat/vec4; draw_concat_vec4
    %dup/vec4;
    %pushi/vec4 51, 0, 17;
    %cmp/z;
    %jmp/1 T_6.0, 4;
    %dup/vec4;
    %pushi/vec4 819, 0, 17;
    %cmp/z;
    %jmp/1 T_6.1, 4;
    %dup/vec4;
    %pushi/vec4 691, 0, 17;
    %cmp/z;
    %jmp/1 T_6.2, 4;
    %dup/vec4;
    %pushi/vec4 435, 0, 17;
    %cmp/z;
    %jmp/1 T_6.3, 4;
    %dup/vec4;
    %pushi/vec4 32819, 0, 17;
    %cmp/z;
    %jmp/1 T_6.4, 4;
    %dup/vec4;
    %pushi/vec4 19, 130048, 17;
    %cmp/z;
    %jmp/1 T_6.5, 4;
    %dup/vec4;
    %pushi/vec4 55, 130944, 17;
    %cmp/z;
    %jmp/1 T_6.6, 4;
    %dup/vec4;
    %pushi/vec4 99, 130048, 17;
    %cmp/z;
    %jmp/1 T_6.7, 4;
    %dup/vec4;
    %pushi/vec4 227, 130048, 17;
    %cmp/z;
    %jmp/1 T_6.8, 4;
    %jmp T_6.9;
T_6.0 ;
    %pushi/vec4 1, 0, 1;
    %store/vec4 v0x5fcd25de8970_0, 0, 1;
    %pushi/vec4 0, 0, 3;
    %store/vec4 v0x5fcd25de8280_0, 0, 3;
    %jmp T_6.9;
T_6.1 ;
    %pushi/vec4 1, 0, 1;
    %store/vec4 v0x5fcd25de8970_0, 0, 1;
    %pushi/vec4 1, 0, 3;
    %store/vec4 v0x5fcd25de8280_0, 0, 3;
    %jmp T_6.9;
T_6.2 ;
    %pushi/vec4 1, 0, 1;
    %store/vec4 v0x5fcd25de8970_0, 0, 1;
    %pushi/vec4 2, 0, 3;
    %store/vec4 v0x5fcd25de8280_0, 0, 3;
    %jmp T_6.9;
T_6.3 ;
    %pushi/vec4 1, 0, 1;
    %store/vec4 v0x5fcd25de8970_0, 0, 1;
    %pushi/vec4 3, 0, 3;
    %store/vec4 v0x5fcd25de8280_0, 0, 3;
    %jmp T_6.9;
T_6.4 ;
    %pushi/vec4 1, 0, 1;
    %store/vec4 v0x5fcd25de8970_0, 0, 1;
    %pushi/vec4 4, 0, 3;
    %store/vec4 v0x5fcd25de8280_0, 0, 3;
    %jmp T_6.9;
T_6.5 ;
    %pushi/vec4 1, 0, 1;
    %store/vec4 v0x5fcd25de8970_0, 0, 1;
    %pushi/vec4 1, 0, 1;
    %store/vec4 v0x5fcd25de8340_0, 0, 1;
    %pushi/vec4 0, 0, 3;
    %store/vec4 v0x5fcd25de8280_0, 0, 3;
    %jmp T_6.9;
T_6.6 ;
    %pushi/vec4 1, 0, 1;
    %store/vec4 v0x5fcd25de8970_0, 0, 1;
    %pushi/vec4 1, 0, 1;
    %store/vec4 v0x5fcd25de8a40_0, 0, 1;
    %jmp T_6.9;
T_6.7 ;
    %pushi/vec4 1, 0, 1;
    %store/vec4 v0x5fcd25de84e0_0, 0, 1;
    %pushi/vec4 1, 0, 1;
    %store/vec4 v0x5fcd25de8810_0, 0, 1;
    %pushi/vec4 4, 0, 3;
    %store/vec4 v0x5fcd25de8280_0, 0, 3;
    %jmp T_6.9;
T_6.8 ;
    %pushi/vec4 1, 0, 1;
    %store/vec4 v0x5fcd25de84e0_0, 0, 1;
    %pushi/vec4 4, 0, 3;
    %store/vec4 v0x5fcd25de8280_0, 0, 3;
    %jmp T_6.9;
T_6.9 ;
    %pop/vec4 1;
    %jmp T_6;
    .thread T_6, $push;
    .scope S_0x5fcd25deadb0;
T_7 ;
    %vpi_call/w 10 24 "$readmemh", "program.hex", v0x5fcd25deb370 {0 0 0};
    %end;
    .thread T_7;
    .scope S_0x5fcd25dc37a0;
T_8 ;
    %pushi/vec4 0, 0, 32;
    %store/vec4 v0x5fcd25deb4f0_0, 0, 32;
    %pushi/vec4 0, 0, 1;
    %store/vec4 v0x5fcd25debc80_0, 0, 1;
    %end;
    .thread T_8, $init;
    .scope S_0x5fcd25dc37a0;
T_9 ;
    %pushi/vec4 0, 0, 1;
    %store/vec4 v0x5fcd25deb450_0, 0, 1;
T_9.0 ;
    %delay 5, 0;
    %load/vec4 v0x5fcd25deb450_0;
    %inv;
    %store/vec4 v0x5fcd25deb450_0, 0, 1;
    %jmp T_9.0;
    %end;
    .thread T_9;
    .scope S_0x5fcd25dc37a0;
T_10 ;
    %pushi/vec4 1, 1, 1;
    %assign/vec4 v0x5fcd25debbe0_0, 0;
    %pushi/vec4 2, 0, 32;
T_10.0 %dup/vec4;
    %pushi/vec4 0, 0, 32;
    %cmp/s;
    %jmp/1xz T_10.1, 5;
    %jmp/1 T_10.1, 4;
    %pushi/vec4 1, 0, 32;
    %sub;
    %wait E_0x5fcd25de55b0;
    %jmp T_10.0;
T_10.1 ;
    %pop/vec4 1;
    %pushi/vec4 1, 0, 1;
    %assign/vec4 v0x5fcd25debbe0_0, 0;
    %pushi/vec4 2, 0, 32;
T_10.2 %dup/vec4;
    %pushi/vec4 0, 0, 32;
    %cmp/s;
    %jmp/1xz T_10.3, 5;
    %jmp/1 T_10.3, 4;
    %pushi/vec4 1, 0, 32;
    %sub;
    %wait E_0x5fcd25de55b0;
    %jmp T_10.2;
T_10.3 ;
    %pop/vec4 1;
    %pushi/vec4 0, 0, 1;
    %assign/vec4 v0x5fcd25debbe0_0, 0;
    %end;
    .thread T_10;
    .scope S_0x5fcd25dc37a0;
T_11 ;
    %pushi/vec4 10, 0, 5;
    %assign/vec4 v0x5fcd25deba10_0, 0;
    %wait E_0x5fcd25d4fbc0;
    %pushi/vec4 1000, 0, 32;
T_11.0 %dup/vec4;
    %pushi/vec4 0, 0, 32;
    %cmp/s;
    %jmp/1xz T_11.1, 5;
    %jmp/1 T_11.1, 4;
    %pushi/vec4 1, 0, 32;
    %sub;
    %wait E_0x5fcd25de55b0;
    %load/vec4 v0x5fcd25debb20_0;
    %pushi/vec4 2178309, 0, 32;
    %cmp/e;
    %flag_get/vec4 4;
    %load/vec4 v0x5fcd25debb20_0;
    %pushi/vec4 479001600, 0, 32;
    %cmp/e;
    %flag_get/vec4 4;
    %or;
    %flag_set/vec4 8;
    %jmp/0xz  T_11.2, 8;
    %vpi_call/w 3 85 "$display", "%s PASS", "tb.sv" {0 0 0};
    %vpi_call/w 3 86 "$finish" {0 0 0};
T_11.2 ;
    %jmp T_11.0;
T_11.1 ;
    %pop/vec4 1;
    %vpi_call/w 3 90 "$display", "%s FAIL: none of expected register values occured", "tb.sv" {0 0 0};
    %vpi_call/w 3 93 "$finish" {0 0 0};
    %end;
    .thread T_11;
    .scope S_0x5fcd25dc37a0;
T_12 ;
    %wait E_0x5fcd25de55b0;
    %load/vec4 v0x5fcd25deb4f0_0;
    %dup/vec4;
    %pushi/vec4 1, 0, 32;
    %add;
    %store/vec4 v0x5fcd25deb4f0_0, 0, 32;
    %vpi_call/w 3 106 "$write", "cycle %5d", S<0,vec4,u32> {1 0 0};
    %load/vec4 v0x5fcd25debbe0_0;
    %flag_set/vec4 8;
    %jmp/0xz  T_12.0, 8;
    %vpi_call/w 3 110 "$write", " rst" {0 0 0};
    %pushi/vec4 1, 0, 1;
    %assign/vec4 v0x5fcd25debc80_0, 0;
    %jmp T_12.1;
T_12.0 ;
    %vpi_call/w 3 115 "$write", "    " {0 0 0};
T_12.1 ;
    %load/vec4 v0x5fcd25deb5d0_0;
    %load/vec4 v0x5fcd25deb800_0;
    %cmp/ne;
    %jmp/0xz  T_12.2, 6;
    %vpi_call/w 3 119 "$write", " %h", v0x5fcd25deb5d0_0 {0 0 0};
    %jmp T_12.3;
T_12.2 ;
    %vpi_call/w 3 121 "$write", "         " {0 0 0};
T_12.3 ;
    %load/vec4 v0x5fcd25debc80_0;
    %load/vec4 v0x5fcd25debbe0_0;
    %inv;
    %and;
    %vpi_func 3 123 "$isunknown" 1, v0x5fcd25deb6f0_0 {0 0 0};
    %and;
    %flag_set/vec4 8;
    %jmp/0xz  T_12.4, 8;
    %vpi_call/w 3 125 "$display", "%s FAIL: fetched instruction at address %x contains Xs: %x", "tb.sv", v0x5fcd25deb5d0_0, v0x5fcd25deb6f0_0 {0 0 0};
    %vpi_call/w 3 128 "$finish" {0 0 0};
T_12.4 ;
    %load/vec4 v0x5fcd25debb20_0;
    %load/vec4 v0x5fcd25deb930_0;
    %cmp/ne;
    %jmp/0xz  T_12.6, 6;
    %vpi_call/w 3 132 "$write", " %h", v0x5fcd25debb20_0 {0 0 0};
    %jmp T_12.7;
T_12.6 ;
    %vpi_call/w 3 134 "$write", "         " {0 0 0};
T_12.7 ;
    %load/vec4 v0x5fcd25deb5d0_0;
    %assign/vec4 v0x5fcd25deb800_0, 0;
    %load/vec4 v0x5fcd25debb20_0;
    %assign/vec4 v0x5fcd25deb930_0, 0;
    %vpi_call/w 3 139 "$display" {0 0 0};
    %jmp T_12;
    .thread T_12;
# The file index is used to find the file name in the following table.
:file_names 11;
    "N/A";
    "<interactive>";
    "-";
    "tb.sv";
    "sr_cpu.sv";
    "sr_alu.sv";
    "sr_decode.sv";
    "register_with_rst.sv";
    "sr_register_file.sv";
    "sr_control.sv";
    "instruction_rom.sv";
